<?xml version="1.0" encoding="ISO-8859-1"?>
<configuration xmlns:xsi="http://www.w3.org/2001/XMLSchema-instance"
  xsi:schemaLocation="http://www.exoplaform.org/xml/ns/kernel_1_0.xsd http://www.exoplaform.org/xml/ns/kernel_1_0.xsd"
  xmlns="http://www.exoplaform.org/xml/ns/kernel_1_0.xsd">
  <component>
    <key>org.exoplatform.services.portletcontainer.persistence.PortletPreferencesPersister</key>
    <type>org.exoplatform.portal.application.jcr.PortletPreferencesPersisterImpl</type>
  </component>
  <component>
    <key>org.exoplatform.portal.config.DataStorage</key>
    <type>org.exoplatform.portal.config.jcr.DataStorageImpl</type>
  </component>
  <component>
    <key>org.exoplatform.portal.application.UserGadgetStorage</key>
    <type>org.exoplatform.portal.application.jcr.UserGadgetStorageImpl</type>
  </component>
  <component>
    <key>org.exoplatform.portal.layout.PortalLayoutService</key>
    <type>org.exoplatform.portal.layout.jcr.PortalLayoutServiceImpl</type>
    <init-params>
      <value-param>
        <name>template.location</name>
        <description>Location of container templates</description>
        <value>jar:/conf/portal</value>
      </value-param>
    </init-params>
  </component>
  <component>
    <key>org.exoplatform.portal.config.UserACL</key>
    <type>org.exoplatform.portal.config.UserACL</type>
    <init-params>
      <value-param>
        <name>super.user</name>
        <description>administrator</description>
        <value>root</value>
      </value-param>
      <value-param>
        <name>guests.group</name>
        <description>guests group</description>
        <value>/platform/guests</value>
      </value-param>
    </init-params>
  </component>
  <component>
    <key>org.exoplatform.services.portletcontainer.bundle.ResourceBundleDelegate</key>
    <type>org.exoplatform.portal.application.ResourceBundleDelegateImpl</type>
  </component>
  <component>
    <key>org.exoplatform.portal.config.UserPortalConfigService</key>
    <type>org.exoplatform.portal.config.UserPortalConfigService</type>
    <component-plugins>
      <component-plugin>
        <name>new.portal.config.user.listener</name>
        <set-method>initListener</set-method>
        <type>org.exoplatform.portal.config.NewPortalConfigListener</type>
        <description>this listener init the portal configuration</description>
        <init-params>
          <value-param>
            <name>default.portal</name>
            <description>The default portal for checking db is empty or not</description>
            <value>classic</value>
          </value-param>
          <object-param>
            <name>portal.configuration</name>
            <description>description</description>
            <object type="org.exoplatform.portal.config.NewPortalConfig">
              <field name="predefinedOwner">
                <collection type="java.util.HashSet">
                  <value>
                    <string>classic</string>
                  </value>
                </collection>
              </field>
              <field name="ownerType">
                <string>portal</string>
              </field>
              <field name="templateLocation">
                <string>classpath:/conf/portal</string>
              </field>
            </object>
          </object-param>
          <object-param>
            <name>group.configuration</name>
            <description>description</description>
            <object type="org.exoplatform.portal.config.NewPortalConfig">
              <field name="predefinedOwner">
                <collection type="java.util.HashSet">
                  <value>
                    <string>platform/administrators</string>
                  </value>
                  <value>
                    <string>platform/users</string>
                  </value>
                  <value>
                    <string>platform/guests</string>
                  </value>
                  <value>
                    <string>organization/management/executive-board</string>
                  </value>
                </collection>
              </field>
              <field name="ownerType">
                <string>group</string>
              </field>
              <field name="templateLocation">
                <string>classpath:/conf/portal</string>
              </field>
            </object>
          </object-param>
          <object-param>
            <name>user.configuration</name>
            <description>description</description>
            <object type="org.exoplatform.portal.config.NewPortalConfig">
              <field name="predefinedOwner">
                <collection type="java.util.HashSet">
                  <value>
                    <string>root</string>
                  </value>
                  <value>
                    <string>john</string>
                  </value>
                  <value>
                    <string>marry</string>
                  </value>
                  <value>
                    <string>demo</string>
                  </value>
                </collection>
              </field>
              <field name="ownerType">
                <string>user</string>
              </field>
              <field name="templateLocation">
                <string>classpath:/conf/portal</string>
              </field>
            </object>
          </object-param>
          <object-param>
            <name>page.templates</name>
            <description>List of page templates</description>
            <object type="org.exoplatform.portal.config.PageTemplateConfig">
              <field name="templates">
                <collection type="java.util.ArrayList"></collection>
              </field>
              <field name="location">
                <string>classpath:/conf/portal/template/pages</string>
              </field>
            </object>
          </object-param>
        </init-params>
      </component-plugin>
    </component-plugins>
  </component>
  <component>
    <key>org.exoplatform.services.jcr.ext.hierarchy.NodeHierarchyCreator</key>
    <type>org.exoplatform.services.jcr.ext.hierarchy.impl.NodeHierarchyCreatorImpl</type>
  </component>
  <external-component-plugins>
    <target-component>org.exoplatform.services.jcr.RepositoryService</target-component>
    <component-plugin>
      <name>bind.datasource</name>
      <set-method>addPlugin</set-method>
      <type>org.exoplatform.services.naming.BindReferencePlugin</type>
      <init-params>
        <value-param>
          <name>bind-name</name>
          <value>jdbcexo</value>
        </value-param>
        <value-param>
          <name>class-name</name>
          <value>javax.sql.DataSource</value>
        </value-param>
        <value-param>
          <name>factory</name>
          <value>org.apache.commons.dbcp.BasicDataSourceFactory</value>
        </value-param>
        <properties-param>
          <name>ref-addresses</name>
          <description>ref-addresses</description>
          <property name="driverClassName" value="org.hsqldb.jdbcDriver" />
          <property name="url" value="jdbc:hsqldb:file:target/temp/data/portal" />
          <property name="username" value="sa" />
          <property name="password" value="" />
        </properties-param>
      </init-params>
    </component-plugin>
  </external-component-plugins>
  `
  <external-component-plugins>
    <target-component>org.exoplatform.services.organization.OrganizationService</target-component>
    <component-plugin>
      <name>ecm.new.user.event.listener</name>
      <set-method>addListenerPlugin</set-method>
      <type>org.exoplatform.services.jcr.ext.hierarchy.impl.NewUserListener</type>
      <description>description</description>
      <init-params>
        <object-param>
          <name>configuration</name>
          <description>description</description>
          <object type="org.exoplatform.services.jcr.ext.hierarchy.impl.HierarchyConfig">
            <field name="repository">
              <string>repository</string>
            </field>
            <field name="workspaces">
              <collection type="java.util.ArrayList">
                <value>
                  <string>collaboration</string>
                </value>
              </collection>
            </field>
            <field name="jcrPaths">
              <collection type="java.util.ArrayList">
                <value>
                  <object type="org.exoplatform.services.jcr.ext.hierarchy.impl.HierarchyConfig$JcrPath">
                    <field name="alias">
                      <string>userApplicationData</string>
                    </field>
                    <field name="path">
                      <string>ApplicationData</string>
                    </field>
                    <field name="nodeType">
                      <string>nt:unstructured</string>
                    </field>
                    <field name="permissions">
                      <collection type="java.util.ArrayList">
                        <value>
                          <object
                            type="org.exoplatform.services.jcr.ext.hierarchy.impl.HierarchyConfig$Permission">
                            <field name="identity">
                              <string>*:/platform/administrators</string>
                            </field>
                            <field name="read">
                              <string>true</string>
                            </field>
                            <field name="addNode">
                              <string>true</string>
                            </field>
                            <field name="setProperty">
                              <string>true</string>
                            </field>
                            <field name="remove">
                              <string>true</string>
                            </field>
                          </object>
                        </value>
                      </collection>
                    </field>
                    <field name="mixinTypes">
                      <collection type="java.util.ArrayList">
                      </collection>
                    </field>
                  </object>
                </value>
              </collection>
            </field>
          </object>
        </object-param>
      </init-params>
    </component-plugin>
  </external-component-plugins>
  <external-component-plugins>
    <target-component>org.exoplatform.services.jcr.ext.hierarchy.NodeHierarchyCreator</target-component>
    <component-plugin>
      <name>addPaths</name>
      <set-method>addPlugin</set-method>
      <type>org.exoplatform.services.jcr.ext.hierarchy.impl.AddPathPlugin</type>
      <init-params>
        <object-param>
          <name>cms.configuration</name>
          <description>configuration for the cms path</description>
          <object type="org.exoplatform.services.jcr.ext.hierarchy.impl.HierarchyConfig">
            <field name="repository">
              <string>repository</string>
            </field>
            <field name="workspaces">
              <collection type="java.util.ArrayList">
                <value>
                  <string>collaboration</string>
                </value>
              </collection>
            </field>
            <field name="jcrPaths">
              <collection type="java.util.ArrayList">
                <value>
                  <object type="org.exoplatform.services.jcr.ext.hierarchy.impl.HierarchyConfig$JcrPath">
                    <field name="alias">
                      <string>usersPath</string>
                    </field>
                    <field name="path">
                      <string>/Users</string>
                    </field>
                    <field name="permissions">
                      <collection type="java.util.ArrayList">
                        <value>
                          <object
                            type="org.exoplatform.services.jcr.ext.hierarchy.impl.HierarchyConfig$Permission">
                            <field name="identity">
                              <string>*:/platform/administrators</string>
                            </field>
                            <field name="read">
                              <string>true</string>
                            </field>
                            <field name="addNode">
                              <string>true</string>
                            </field>
                            <field name="setProperty">
                              <string>true</string>
                            </field>
                            <field name="remove">
                              <string>true</string>
                            </field>
                          </object>
                        </value>
                        <value>
                          <object
                            type="org.exoplatform.services.jcr.ext.hierarchy.impl.HierarchyConfig$Permission">
                            <field name="identity">
                              <string>*:/platform/users</string>
                            </field>
                            <field name="read">
                              <string>true</string>
                            </field>
                            <field name="addNode">
                              <string>false</string>
                            </field>
                            <field name="setProperty">
                              <string>true</string>
                            </field>
                            <field name="remove">
                              <string>false</string>
                            </field>
                          </object>
                        </value>
                      </collection>
                    </field>
                  </object>
                </value>
              </collection>
            </field>
          </object>
        </object-param>
      </init-params>
    </component-plugin>
  </external-component-plugins>
  <import>jar:/conf/portal/common-configuration.xml</import>
  <import>jar:/conf/portal/database-configuration.xml</import>
  <import>jar:/conf/portal/jcr-configuration.xml</import>
</configuration>