<?xml version="1.0" encoding="ISO-8859-1"?>
<configuration>

  <component>
    <key>org.exoplatform.application.registery.ApplicationRegisteryService</key>
    <type>org.exoplatform.application.registery.jcr.ApplicationRegisteryServiceImpl</type>
  </component>

  <import>classpath:/conf/portal/testjcr/test-jcr-configuration.xml</import> 

</configuration>
