<?xml version="1.0" encoding="ISO-8859-1"?>
<configuration>
  <component>
    <key>org.exoplatform.services.naming.InitialContextInitializer</key>
    <type>org.exoplatform.services.naming.InitialContextInitializer</type>
    <component-plugins>
      <component-plugin>
        <name>bind.datasource</name>
        <set-method>addPlugin</set-method>
        <type>org.exoplatform.services.naming.BindReferencePlugin</type>
        <init-params>
          <value-param>
            <name>bind-name</name>
            <value>jdbcjcr</value>
          </value-param>
          <value-param>
            <name>class-name</name>
            <value>javax.sql.DataSource</value>
          </value-param>
          <value-param>
            <name>factory</name>
            <value>org.apache.commons.dbcp.BasicDataSourceFactory</value>
          </value-param>
          <properties-param>
            <name>ref-addresses</name>
            <description>ref-addresses</description>
            <property name="driverClassName" value="org.hsqldb.jdbcDriver"/>
            <property name='url' value='jdbc:hsqldb:mem:db/jdbcjcr'/>
            <property name="username" value="sa"/>
            <property name="password" value=""/>
          </properties-param>
        </init-params>
      </component-plugin>
    <!-- Resource configuration for UserTransaction use JOTM -->
      <component-plugin>
        <name>jotm.tx</name>
        <set-method>addPlugin</set-method>
        <type>org.exoplatform.services.naming.BindReferencePlugin</type>
        <init-params>
          <value-param>
            <name>bind-name</name>
            <value>UserTransaction</value>
          </value-param>
          <value-param>
            <name>class-name</name>
            <value>javax.transaction.UserTransaction</value>
          </value-param>
          <value-param>
            <name>factory</name>
            <value>org.objectweb.jotm.UserTransactionFactory</value>
          </value-param>
          <properties-param>
            <name>ref-addresses</name>
            <description>ref-addresses</description>
            <property name="jotm.timeout" value="60"/>
          </properties-param>
        </init-params>
     </component-plugin>

     <component-plugin>
        <name>bind.jcr</name>
        <set-method>addPlugin</set-method>
        <type>org.exoplatform.services.naming.BindReferencePlugin</type>
        <init-params>
          <value-param>
            <name>bind-name</name>
            <value>repo</value>
          </value-param>
          <value-param>
            <name>class-name</name>
            <value>javax.jcr.Repository</value>
          </value-param>
          <value-param>
            <name>factory</name>
            <value>org.exoplatform.services.jcr.impl.jndi.BindableRepositoryFactory</value>
          </value-param>
          <properties-param>
            <name>ref-addresses</name>
            <description>ref-addresses</description>
            <property name="repositoryName" value="db1"/>
            <!-- property name="containerConfig" value="exo-configuration.xml"/ -->
          </properties-param>
        </init-params>
       </component-plugin>
       <component-plugin>
        <name>rmi.jcr</name>
        <set-method>addPlugin</set-method>
        <type>org.exoplatform.services.naming.BindReferencePlugin</type>
        <init-params>
          <value-param>
            <name>bind-name</name>
            <value>rmirepository</value>
          </value-param>
          <value-param>
            <name>class-name</name>
            <value>javax.jcr.Repository</value>
          </value-param>
          <value-param>
            <name>factory</name>
            <value>org.exoplatform.services.jcr.rmi.RepositoryFactory</value>
          </value-param>
        </init-params>
       </component-plugin>
    </component-plugins>
    <init-params>
      <properties-param>
        <name>default-properties</name>
        <description>Default initial context properties</description>
        <property name="java.naming.factory.initial" value="org.exoplatform.services.naming.SimpleContextFactory"/>
      </properties-param>

      <properties-param>
        <name>mandatory-properties</name>
        <description>Mandatory initial context properties</description>
        <property name="java.naming.factory.initial" value="org.exoplatform.services.naming.SimpleContextFactory"/>
        <property name="java.naming.provider.url" value="rmi://localhost:9999"/>
      </properties-param>
    </init-params>
  </component>

  <component>
    <key>org.exoplatform.services.jcr.RepositoryService</key>
    <type>org.exoplatform.services.jcr.impl.RepositoryServiceImpl</type>
    <component-plugins>
      <component-plugin>
          <name>add.namespaces</name>
          <set-method>addPlugin</set-method>
          <type>org.exoplatform.services.jcr.impl.AddNamespacesPlugin</type>
          <init-params>
            <properties-param>
              <name>namespaces</name>
              <property name="test" value="http://www.apache.org/jackrabbit/test"/>
            </properties-param>
          </init-params>
      </component-plugin>
      <component-plugin>
          <name>add.namespaces</name>
          <set-method>addPlugin</set-method>
          <type>org.exoplatform.services.jcr.impl.AddNamespacesPlugin</type>
          <init-params>
            <properties-param>
              <name>namespaces</name>
              <property name="exojcrtest" value="http://www.exoplatform.org/jcr/exojcrtest"/>
            </properties-param>
          </init-params>
      </component-plugin>

      <!--
      <component-plugin>
        <name>add.nodeType</name>
        <set-method>addPlugin</set-method>
        <type>org.exoplatform.services.jcr.impl.AddNodeTypePlugin</type>
        <init-params>
          <values-param>
            <name>nodeTypesFiles</name>
            <description>Node types configuration file</description>
            <value>jar:/conf/portal/testjcr/test-model-nodetypes.xml</value>
          </values-param>
        </init-params>
      </component-plugin>
      -->

    </component-plugins>
  </component>

  <component>
    <key>org.exoplatform.services.jcr.config.RepositoryServiceConfiguration</key>
    <type>org.exoplatform.services.jcr.impl.config.RepositoryServiceConfigurationImpl</type>
    <init-params>
      <value-param>
        <name>conf-path</name>
        <description>JCR configuration file</description>
        <value>classpath:/conf/portal/testjcr/test-jcr-config.xml</value>
      </value-param>
    </init-params>
  </component>
</configuration>
