<repository-service default-repository="db1">
  <repositories>  
    <repository name="db1" system-workspace="production" default-workspace="production">
      <security-domain>exo-domain</security-domain>      
      <access-control>enable</access-control>
      <authentication-policy>org.exoplatform.services.jcr.impl.core.access.PortalAuthenticationPolicy</authentication-policy>
      <workspaces>
        <workspace name="production" auto-init-root-nodetype="nt:unstructured">
          <!-- for system storage -->
          <container class="org.exoplatform.services.jcr.impl.storage.jdbc.JDBCWorkspaceDataContainer">
            <properties>
              <property name="sourceName" value="jdbcjcr"/>
              <property name="multi-db" value="true"/>
              <property name="update-storage" value="true"/>
            </properties>            
          </container>
          <cache enabled="true">
            <properties>
              <property name="maxSize" value="1000"/>
              <property name="liveTime" value="1800"/><!-- 30 min -->
            </properties>
          </cache>
          <query-handler class="org.exoplatform.services.jcr.impl.core.query.lucene.SearchIndex">
            <properties>
              <property name="indexDir" value="target/temp/index"/>
            </properties>
          </query-handler>          
        </workspace>
      </workspaces>      
    </repository>    
  </repositories>  
</repository-service>
