<repository-service default-repository="repository">
  <repositories>
    <repository name="repository" system-workspace="system" default-workspace="collaboration">
      <security-domain>exo-domain</security-domain>
      <access-control>enable</access-control>
      <authentication-policy>org.exoplatform.services.jcr.impl.core.access.JAASAuthenticator</authentication-policy>
      <workspaces>
        <workspace name="system" auto-init-root-nodetype="nt:unstructured">
          <!-- for system storage -->
          <container class="org.exoplatform.services.jcr.impl.storage.jdbc.JDBCWorkspaceDataContainer">
            <properties>
              <property name="sourceName" value="jdbcexo"/>
              <property name="db-type" value="generic"/>
              <property name="multi-db" value="false"/>
              <property name="update-storage" value="false"/>
              <property name="max-buffer-size" value="204800"/>
              <property name="swap-directory" value="target/temp/swap/system"/>
            </properties>
          </container>
          <cache enabled="true">
            <properties>
              <property name="maxSize" value="1000"/>
              <property name="liveTime" value="1800"/>
            </properties>
          </cache>
          <query-handler class="org.exoplatform.services.jcr.impl.core.query.lucene.SearchIndex">
            <properties>
              <property name="indexDir" value="target/temp/system"/>
            </properties>
          </query-handler>
        </workspace>
        <workspace name="collaboration" auto-init-root-nodetype="nt:unstructured">
          <!-- for system storage -->
          <container class="org.exoplatform.services.jcr.impl.storage.jdbc.JDBCWorkspaceDataContainer">
            <properties>
              <property name="sourceName" value="jdbcexo"/>
              <property name="db-type" value="generic"/>
              <property name="multi-db" value="false"/>
              <property name="update-storage" value="false"/>
              <property name="max-buffer-size" value="204800"/>
              <property name="swap-directory" value="target/temp/swap/collaboration"/>
            </properties>
          </container>
          <cache enabled="true">
            <properties>
              <property name="maxSize" value="1000"/>
              <property name="liveTime" value="1800"/>
            </properties>
          </cache>
          <query-handler class="org.exoplatform.services.jcr.impl.core.query.lucene.SearchIndex">
            <properties>
              <property name="indexDir" value="target/temp/collaboration"/>
            </properties>
          </query-handler>
        </workspace>
      </workspaces>
    </repository>
  </repositories>
</repository-service>
