<nodeTypes xmlns:nt="http://www.jcp.org/jcr/nt/1.0" xmlns:mix="http://www.jcp.org/jcr/mix/1.0"
  xmlns:jcr="http://www.jcp.org/jcr/1.0">
  
  <nodeType	name="exo:resourceBundleData" isMixin="false" hasOrderableChildNodes="false" primaryItemName="">
    <supertypes>
  	  <supertype>nt:base</supertype>
    </supertypes>
  	<propertyDefinitions>
  	  <propertyDefinition name="id" requiredType="String" autoCreated="false" mandatory="false" onParentVersion="COPY" protected="false" multiple="false">
  			<valueConstraints/>
  	  </propertyDefinition>
  	  <propertyDefinition name="name" requiredType="String" autoCreated="false" mandatory="false" onParentVersion="COPY" protected="false" multiple="false">
  			<valueConstraints/>
  	  </propertyDefinition>
  	  <propertyDefinition name="language" requiredType="String" autoCreated="false" mandatory="false" onParentVersion="COPY" protected="false" multiple="false">
  			<valueConstraints/>
  		</propertyDefinition>
  	  <propertyDefinition name="country" requiredType="String" autoCreated="false" mandatory="false" onParentVersion="COPY" protected="false" multiple="false">
  			<valueConstraints/>
  	  </propertyDefinition>
  	  <propertyDefinition name="variant" requiredType="String" autoCreated="false" mandatory="false" onParentVersion="COPY" protected="false" multiple="false">
  			<valueConstraints/>
  	  </propertyDefinition>
  	  <propertyDefinition name="resourceType" requiredType="String" autoCreated="false" mandatory="false" onParentVersion="COPY" protected="false" multiple="false">
  			<valueConstraints/>
  	  </propertyDefinition>  	 
	  	<propertyDefinition name="data" requiredType="String" autoCreated="false" mandatory="false" onParentVersion="COPY" protected="false" multiple="false">
  			<valueConstraints/>
  		</propertyDefinition>			
  		<propertyDefinition name="type" requiredType="String" autoCreated="false" mandatory="false" onParentVersion="COPY" protected="false" multiple="false">
  			<valueConstraints/>
  		</propertyDefinition>	
  	</propertyDefinitions>
 	</nodeType> 
 	
</nodeTypes>    