<?xml version="1.0" encoding="ISO-8859-1"?>
<configuration>
  <external-component-plugins>
    <target-component>org.exoplatform.services.naming.InitialContextInitializer</target-component>
    <component-plugin>
      <name>bind.datasource</name>
      <set-method>addPlugin</set-method>
      <type>org.exoplatform.services.naming.BindReferencePlugin</type>
      <init-params>
        <value-param>
          <name>bind-name</name>
          <value>jdbcjcr</value>
        </value-param>
        <value-param>
          <name>class-name</name>
          <value>javax.sql.DataSource</value>
        </value-param>
        <value-param>
          <name>factory</name>
          <value>org.apache.commons.dbcp.BasicDataSourceFactory</value>
        </value-param>
        <properties-param>
          <name>ref-addresses</name>
          <description>ref-addresses</description>
          <property name="driverClassName" value="org.hsqldb.jdbcDriver"/>
          <property name='url' value='jdbc:hsqldb:mem:db/jdbcexo'/>
          <property name="username" value="sa"/>
          <property name="password" value=""/>
        </properties-param>
      </init-params>
    </component-plugin>
    <component-plugin>
      <name>jotm.tx</name>
      <set-method>addPlugin</set-method>
      <type>org.exoplatform.services.naming.BindReferencePlugin</type>
      <init-params>
        <value-param>
          <name>bind-name</name>
          <value>UserTransaction</value>
        </value-param>
        <value-param>
          <name>class-name</name>
          <value>javax.transaction.UserTransaction</value>
        </value-param>
        <value-param>
          <name>factory</name>
          <value>org.objectweb.jotm.UserTransactionFactory</value>
        </value-param>
        <properties-param>
          <name>ref-addresses</name>
          <description>ref-addresses</description>
          <property name="jotm.timeout" value="60"/>
        </properties-param>
      </init-params>
    </component-plugin>

    <component-plugin>
      <name>bind.jcr</name>
      <set-method>addPlugin</set-method>
      <type>org.exoplatform.services.naming.BindReferencePlugin</type>
      <init-params>
        <value-param>
          <name>bind-name</name>
          <value>repo</value>
        </value-param>
        <value-param>
          <name>class-name</name>
          <value>javax.jcr.Repository</value>
        </value-param>
        <value-param>
          <name>factory</name>
          <value>org.exoplatform.services.jcr.impl.jndi.BindableRepositoryFactory</value>
        </value-param>
        <properties-param>
          <name>ref-addresses</name>
          <description>ref-addresses</description>
          <property name="repositoryName" value="repository"/>
        </properties-param>
      </init-params>
    </component-plugin>
  </external-component-plugins>
</configuration>