<?xml version="1.0" encoding="ISO-8859-1"?>
<configuration
   xmlns:xsi="http://www.w3.org/2001/XMLSchema-instance"
   xsi:schemaLocation="http://www.exoplaform.org/xml/ns/kernel_1_0.xsd http://www.exoplaform.org/xml/ns/kernel_1_0.xsd"
   xmlns="http://www.exoplaform.org/xml/ns/kernel_1_0.xsd">
  <component>
    <key>org.exoplatform.services.resources.LocaleConfigService</key>
    <type>org.exoplatform.services.resources.impl.LocaleConfigServiceImpl</type>
      <init-params>
        <value-param>
          <name>locale.config.file</name>
          <value>classpath:/conf/portal/locales-config.xml</value>
        </value-param>
      </init-params>
  </component> 
  <import>classpath:/conf/portal/testjcr/test-jcr-configuration.xml</import>
</configuration>
