<nodeTypes xmlns:nt="http://www.jcp.org/jcr/nt/1.0" xmlns:mix="http://www.jcp.org/jcr/mix/1.0"
  xmlns:jcr="http://www.jcp.org/jcr/1.0">
  
  <nodeType	name="exo:data" isMixin="false" hasOrderableChildNodes="false" primaryItemName="">
    <supertypes>
  	  <supertype>nt:base</supertype>
    </supertypes>
  	<propertyDefinitions>
  		<propertyDefinition name="id" requiredType="String" autoCreated="false" mandatory="false" onParentVersion="COPY" protected="false" multiple="false">
  			<valueConstraints/>
  	  </propertyDefinition>
  		<propertyDefinition name="owner" requiredType="String" autoCreated="false" mandatory="false" onParentVersion="COPY" protected="false" multiple="false">
  			<valueConstraints/>
  	  </propertyDefinition>
  		<propertyDefinition name="dataType" requiredType="String" autoCreated="false" mandatory="false" onParentVersion="COPY" protected="false" multiple="false">
  			<valueConstraints/>
	    </propertyDefinition>
  		<propertyDefinition name="viewPermission" requiredType="String" autoCreated="false" mandatory="false" onParentVersion="COPY" protected="false" multiple="false">
  			<valueConstraints/>
  		</propertyDefinition>
  		<propertyDefinition name="editPermission" requiredType="String" autoCreated="false" mandatory="false" onParentVersion="COPY" protected="false" multiple="false">
  			<valueConstraints/>
  		</propertyDefinition>
	    <propertyDefinition name="createdDate" requiredType="Date" autoCreated="false" mandatory="false" onParentVersion="COPY" protected="false" multiple="false">
  			<valueConstraints/>
	    </propertyDefinition>
	    <propertyDefinition name="modifiedDate" requiredType="Date" autoCreated="false" mandatory="false" onParentVersion="COPY" protected="false" multiple="false">
  			<valueConstraints/>
	    </propertyDefinition>
  		<propertyDefinition name="data" requiredType="String" autoCreated="false" mandatory="false" onParentVersion="COPY" protected="false" multiple="false">
  			<valueConstraints/>
  		</propertyDefinition>  		
  	</propertyDefinitions>
 	</nodeType> 
 	
 	<nodeType	name="exo:sharedPortal" isMixin="false" hasOrderableChildNodes="false" primaryItemName="">
    <supertypes>
  	  <supertype>nt:base</supertype>
    </supertypes>
  	<propertyDefinitions>
  		<propertyDefinition name="groupId" requiredType="String" autoCreated="false" mandatory="false" onParentVersion="COPY" protected="false" multiple="false">
  			<valueConstraints/>
  	  </propertyDefinition>
  		<propertyDefinition name="membership" requiredType="String" autoCreated="false" mandatory="false" onParentVersion="COPY" protected="false" multiple="false">
  			<valueConstraints/>
  	  </propertyDefinition>
  		<propertyDefinition name="portal" requiredType="String" autoCreated="false" mandatory="false" onParentVersion="COPY" protected="false" multiple="false">
  			<valueConstraints/>
	    </propertyDefinition>
  		<propertyDefinition name="priority" requiredType="Integer" autoCreated="false" mandatory="false" onParentVersion="COPY" protected="false" multiple="false">
  			<valueConstraints/>
  		</propertyDefinition>
  		<propertyDefinition name="description" requiredType="String" autoCreated="false" mandatory="false" onParentVersion="COPY" protected="false" multiple="false">
  			<valueConstraints/>
  		</propertyDefinition>
  	</propertyDefinitions>
 	</nodeType> 
 	
 	<nodeType	name="exo:sharedNavigation" isMixin="false" hasOrderableChildNodes="false" primaryItemName="">
    <supertypes>
  	  <supertype>nt:base</supertype>
    </supertypes>
  	<propertyDefinitions>
  		<propertyDefinition name="groupId" requiredType="String" autoCreated="false" mandatory="false" onParentVersion="COPY" protected="false" multiple="false">
  			<valueConstraints/>
  	  </propertyDefinition>
  		<propertyDefinition name="membership" requiredType="String" autoCreated="false" mandatory="false" onParentVersion="COPY" protected="false" multiple="false">
  			<valueConstraints/>
  	  </propertyDefinition>
  		<propertyDefinition name="navigation" requiredType="String" autoCreated="false" mandatory="false" onParentVersion="COPY" protected="false" multiple="false">
  			<valueConstraints/>
	    </propertyDefinition>
  		<propertyDefinition name="priority" requiredType="Integer" autoCreated="false" mandatory="false" onParentVersion="COPY" protected="false" multiple="false">
  			<valueConstraints/>
  		</propertyDefinition>
  		<propertyDefinition name="description" requiredType="String" autoCreated="false" mandatory="false" onParentVersion="COPY" protected="false" multiple="false">
  			<valueConstraints/>
  		</propertyDefinition>
  	</propertyDefinitions>
 	</nodeType> 
 	
</nodeTypes>    